<?xml version="1.0" encoding="UTF-8"?>
<!-- Generated by org.testng.reporters.JUnitReportReporter -->
<testsuite hostname="DESKTOP-M6P61TS" name="maven123.Action1" tests="1" failures="0" timestamp="23 Sep 2021 08:23:57 GMT" time="8.689" errors="0">
  <testcase name="demo1" time="8.689" classname="maven123.Action1"/>
</testsuite> <!-- maven123.Action1 -->
